********************************************************************************
DUPLICATOR-LITE PACKAGE-LOG: 16 November, 2020 3:30 am
NOTICE: Do NOT post to public sites or forums 
********************************************************************************
VERSION:	1.3.38
WORDPRESS:	5.5.3
PHP INFO:	7.4.12 | SAPI: fpm-fcgi
SERVER:		Apache/2.4.46 (Unix) 
PHP TIME LIMIT: (0) no time limit imposed 
PHP MAX MEMORY: 4294967296 (128M default) 
MEMORY STACK: 8MB

********************************************************************************
DATABASE:
********************************************************************************
BUILD MODE:   PHP(query limit - 100)
MYSQLTIMEOUT: 5000
MYSQLDUMP:    Not Supported
TABLES: total:86 | filtered:0 | create:86
FILTERED: []
SQL CREATED: 20201116_cmtdragon_8929a150c417c3407329_20201116033000_database.sql
SQL FILE SIZE: 2.1MB (2203316)
SQL FILE TIME: 2020-11-16 03:30:21
SQL RUNTIME: 1.23 sec.

********************************************************************************
ARCHIVE (ZIP):
********************************************************************************
ARCHIVE DIR:  /home/mycode/www/cmtdragon.com/public_html
ARCHIVE FILE: 20201116_cmtdragon_8929a150c417c3407329_20201116033000_archive.zip
FILTERS: *OFF*
DIRS:
	not set
FILES:
	not set
EXTS:  not set
----------------------------------------
COMPRESSING
SIZE:	187.63MB
STATS:	Dirs 1,803 | Files 10,748
SQL ADDED: 20201116_cmtdragon_8929a150c417c3407329_20201116033000_database.sql
ZipArchive Object
(
    [status] => 0
    [statusSys] => 0
    [numFiles] => 12551
    [filename] => /home/mycode/www/cmtdragon.com/public_html/wp-content/backups-dup-lite/tmp/20201116_cmtdragon_8929a150c417c3407329_20201116033000_archive.zip
    [comment] => 
)

FILE ADDED TO ZIP: 12550
COMPRESSION RESULT: '1'
COMPRESSED SIZE: 63.42MB
ARCHIVE RUNTIME: 12.05 sec.
MEMORY STACK: 12MB
building installer
add_extra_files1
add_extra_files2
add_extra_files3
add_extra_files4
Doing archive file check
add_extra_files5
add_extra_files6
add_extra_files8
Successfully opened zip /home/mycode/www/cmtdragon.com/public_html/wp-content/backups-dup-lite/tmp/20201116_cmtdragon_8929a150c417c3407329_20201116033000_archive.zip
Adding enhanced installer files to archive using ZipArchive
Installer files added to archive
Added to archive
After ziparchive close when adding installer

********************************************************************************
INTEGRITY CHECKS:
********************************************************************************
SQL FILE: 2.1MB
INSTALLER FILE: 61.32KB
ARCHIVE FILE: 64.98MB 
EXPECTED FILE/DIRECTORY COUNT: 12,551
ACTUAL FILE/DIRECTORY COUNT: 12,550
ARCHIVE CONSISTENCY TEST: Pass

********************************************************************************
RECORD ID:[1]
TOTAL PROCESS RUNTIME: 14.19 sec.
PEAK PHP MEMORY USED: 14MB
DONE PROCESSING => 20201116_cmtdragon 16 November, 2020 3:30 am

